build/app/intermediates/manifest_merge_blame_file/debug/manifest-merger-blame-debug-report.txt
1<?xml version="1.0" encoding="utf-8"?>
2<manifest xmlns:android="http://schemas.android.com/apk/res/android"
3    package="com.htiobjsky.instagram_two_record"
4    android:versionCode="1"
5    android:versionName="1.0.0" >
6
7    <uses-sdk
8        android:minSdkVersion="21"
9        android:targetSdkVersion="29" />
10    <!--
11         Flutter needs it to communicate with the running application
12         to allow setting breakpoints, to provide hot reload, etc.
13    -->
14    <uses-permission android:name="android.permission.INTERNET" />
14-->src/main/AndroidManifest.xml:6:5-67
14-->src/main/AndroidManifest.xml:6:22-64
15    <uses-permission android:name="android.permission.CAMERA" />
15-->src/main/AndroidManifest.xml:4:5-65
15-->src/main/AndroidManifest.xml:4:22-62
16    <uses-permission android:name="android.permission.READ_EXTERNAL_STORAGE" />
16-->src/main/AndroidManifest.xml:5:5-80
16-->src/main/AndroidManifest.xml:5:22-77
17    <uses-permission android:name="android.permission.RECORD_AUDIO" />
17-->[:camera] AndroidManifest.xml:8:5-71
17-->[:camera] AndroidManifest.xml:8:22-68
18    <uses-permission android:name="android.permission.ACCESS_NETWORK_STATE" />
18-->[com.google.firebase:firebase-auth:20.0.2] AndroidManifest.xml:24:5-79
18-->[com.google.firebase:firebase-auth:20.0.2] AndroidManifest.xml:24:22-76
19    <uses-permission android:name="android.permission.WAKE_LOCK" />
19-->[com.google.android.gms:play-services-measurement-api:18.0.2] AndroidManifest.xml:24:5-68
19-->[com.google.android.gms:play-services-measurement-api:18.0.2] AndroidManifest.xml:24:22-65
20    <uses-permission android:name="com.google.android.finsky.permission.BIND_GET_INSTALL_REFERRER_SERVICE" />
20-->[com.google.android.gms:play-services-measurement:18.0.2] AndroidManifest.xml:26:5-110
20-->[com.google.android.gms:play-services-measurement:18.0.2] AndroidManifest.xml:26:22-107
21    <!--
22 io.flutter.app.FlutterApplication is an android.app.Application that
23         calls FlutterMain.startInitialization(this); in its onCreate method.
24         In most cases you can leave this as-is, but you if you want to provide
25         additional functionality it is fine to subclass or reimplement
26         FlutterApplication and put your custom class here.
27    -->
28    <application
28-->src/main/AndroidManifest.xml:13:5-68:19
29        android:name="io.flutter.app.FlutterApplication"
29-->src/main/AndroidManifest.xml:14:9-57
30        android:appComponentFactory="androidx.core.app.CoreComponentFactory"
30-->[androidx.core:core:1.1.0] AndroidManifest.xml:24:18-86
31        android:debuggable="true"
32        android:icon="@mipmap/ic_launcher"
32-->src/main/AndroidManifest.xml:15:9-43
33        android:label="instagram_two_record"
33-->src/main/AndroidManifest.xml:16:9-45
34        android:supportsRtl="true" >
34-->[com.facebook.android:facebook-login:5.5.1] AndroidManifest.xml:28:18-44
35        <activity
35-->src/main/AndroidManifest.xml:17:9-43:20
36            android:name="com.htiobjsky.instagram_two_record.MainActivity"
36-->src/main/AndroidManifest.xml:18:13-41
37            android:configChanges="orientation|keyboardHidden|keyboard|screenSize|smallestScreenSize|locale|layoutDirection|fontScale|screenLayout|density|uiMode"
37-->src/main/AndroidManifest.xml:19:13-163
38            android:hardwareAccelerated="true"
38-->src/main/AndroidManifest.xml:20:13-47
39            android:launchMode="singleTop"
39-->src/main/AndroidManifest.xml:21:13-43
40            android:theme="@style/LaunchTheme"
40-->src/main/AndroidManifest.xml:22:13-47
41            android:windowSoftInputMode="adjustResize" >
41-->src/main/AndroidManifest.xml:23:13-55
42
43            <!--
44                 Specifies an Android theme to apply to this Activity as soon as
45                 the Android process has started. This theme is visible to the user
46                 while the Flutter UI initializes. After that, this theme continues
47                 to determine the Window background behind the Flutter UI.
48            -->
49            <meta-data
49-->src/main/AndroidManifest.xml:28:13-30:57
50                android:name="io.flutter.embedding.android.NormalTheme"
50-->src/main/AndroidManifest.xml:29:17-72
51                android:resource="@style/NormalTheme" />
51-->src/main/AndroidManifest.xml:30:17-54
52            <!--
53                 Displays an Android View that continues showing the launch screen
54                 Drawable until Flutter paints its first frame, then this splash
55                 screen fades out. A splash screen is useful to avoid any visual
56                 gap between the end of Android's launch screen and the painting of
57                 Flutter's first frame.
58            -->
59            <meta-data
59-->src/main/AndroidManifest.xml:36:13-38:66
60                android:name="io.flutter.embedding.android.SplashScreenDrawable"
60-->src/main/AndroidManifest.xml:37:17-81
61                android:resource="@drawable/launch_background" />
61-->src/main/AndroidManifest.xml:38:17-63
62
63            <intent-filter>
63-->src/main/AndroidManifest.xml:39:13-42:29
64                <action android:name="android.intent.action.MAIN" />
64-->src/main/AndroidManifest.xml:40:17-69
64-->src/main/AndroidManifest.xml:40:25-66
65
66                <category android:name="android.intent.category.LAUNCHER" />
66-->src/main/AndroidManifest.xml:41:17-77
66-->src/main/AndroidManifest.xml:41:27-74
67            </intent-filter>
68        </activity>
69        <!--
70             Don't delete the meta-data below.
71             This is used by the Flutter tool to generate GeneratedPluginRegistrant.java
72        -->
73        <meta-data
73-->src/main/AndroidManifest.xml:46:9-48:33
74            android:name="flutterEmbedding"
74-->src/main/AndroidManifest.xml:47:13-44
75            android:value="2" />
75-->src/main/AndroidManifest.xml:48:13-30
76        <meta-data
76-->src/main/AndroidManifest.xml:49:9-51:55
77            android:name="com.facebook.sdk.ApplicationId"
77-->src/main/AndroidManifest.xml:50:13-58
78            android:value="@string/facebook_app_id" />
78-->src/main/AndroidManifest.xml:51:13-52
79
80        <activity
80-->src/main/AndroidManifest.xml:53:9-56:48
81            android:name="com.facebook.FacebookActivity"
81-->src/main/AndroidManifest.xml:54:13-57
82            android:configChanges="keyboard|keyboardHidden|screenLayout|screenSize|orientation"
82-->src/main/AndroidManifest.xml:55:13-96
83            android:label="@string/app_name"
83-->src/main/AndroidManifest.xml:56:13-45
84            android:theme="@style/com_facebook_activity_theme" />
84-->[com.facebook.android:facebook-common:5.5.1] AndroidManifest.xml:32:13-63
85        <activity
85-->src/main/AndroidManifest.xml:57:9-67:20
86            android:name="com.facebook.CustomTabActivity"
86-->src/main/AndroidManifest.xml:58:13-58
87            android:exported="true" >
87-->src/main/AndroidManifest.xml:59:13-36
88            <intent-filter>
88-->src/main/AndroidManifest.xml:60:13-66:29
89                <action android:name="android.intent.action.VIEW" />
89-->src/main/AndroidManifest.xml:60:28-80
89-->src/main/AndroidManifest.xml:60:36-77
90
91                <category android:name="android.intent.category.DEFAULT" />
91-->src/main/AndroidManifest.xml:62:17-76
91-->src/main/AndroidManifest.xml:62:27-73
92                <category android:name="android.intent.category.BROWSABLE" />
92-->src/main/AndroidManifest.xml:63:17-78
92-->src/main/AndroidManifest.xml:63:27-75
93
94                <data android:scheme="@string/fb_login_protocol_scheme" />
94-->src/main/AndroidManifest.xml:65:17-75
94-->src/main/AndroidManifest.xml:65:23-72
95            </intent-filter>
96        </activity>
97
98        <service
98-->[:firebase_storage] AndroidManifest.xml:8:9-12:19
99            android:name="com.google.firebase.components.ComponentDiscoveryService"
99-->[:firebase_storage] AndroidManifest.xml:8:18-89
100            android:directBootAware="true"
100-->[com.google.firebase:firebase-common:19.5.0] AndroidManifest.xml:35:13-43
101            android:exported="false" >
101-->[com.google.firebase:firebase-analytics-ktx:18.0.2] AndroidManifest.xml:10:13-37
102            <meta-data
102-->[:firebase_storage] AndroidManifest.xml:9:13-11:85
103                android:name="com.google.firebase.components:io.flutter.plugins.firebase.storage.FlutterFirebaseAppRegistrar"
103-->[:firebase_storage] AndroidManifest.xml:10:17-126
104                android:value="com.google.firebase.components.ComponentRegistrar" />
104-->[:firebase_storage] AndroidManifest.xml:11:17-82
105            <meta-data
105-->[:cloud_firestore] AndroidManifest.xml:9:13-11:85
106                android:name="com.google.firebase.components:io.flutter.plugins.firebase.firestore.FlutterFirebaseFirestoreRegistrar"
106-->[:cloud_firestore] AndroidManifest.xml:10:17-134
107                android:value="com.google.firebase.components.ComponentRegistrar" />
107-->[:cloud_firestore] AndroidManifest.xml:11:17-82
108            <meta-data
108-->[:firebase_auth] AndroidManifest.xml:9:13-11:85
109                android:name="com.google.firebase.components:io.flutter.plugins.firebase.auth.FlutterFirebaseAuthRegistrar"
109-->[:firebase_auth] AndroidManifest.xml:10:17-124
110                android:value="com.google.firebase.components.ComponentRegistrar" />
110-->[:firebase_auth] AndroidManifest.xml:11:17-82
111            <meta-data
111-->[:firebase_core] AndroidManifest.xml:9:13-11:85
112                android:name="com.google.firebase.components:io.flutter.plugins.firebase.core.FlutterFirebaseCoreRegistrar"
112-->[:firebase_core] AndroidManifest.xml:10:17-124
113                android:value="com.google.firebase.components.ComponentRegistrar" />
113-->[:firebase_core] AndroidManifest.xml:11:17-82
114            <meta-data
114-->[com.google.firebase:firebase-analytics-ktx:18.0.2] AndroidManifest.xml:11:13-13:85
115                android:name="com.google.firebase.components:com.google.firebase.analytics.ktx.FirebaseAnalyticsKtxRegistrar"
115-->[com.google.firebase:firebase-analytics-ktx:18.0.2] AndroidManifest.xml:12:17-126
116                android:value="com.google.firebase.components.ComponentRegistrar" />
116-->[com.google.firebase:firebase-analytics-ktx:18.0.2] AndroidManifest.xml:13:17-82
117            <meta-data
117-->[com.google.firebase:firebase-common-ktx:19.5.0] AndroidManifest.xml:15:13-17:85
118                android:name="com.google.firebase.components:com.google.firebase.ktx.FirebaseCommonKtxRegistrar"
118-->[com.google.firebase:firebase-common-ktx:19.5.0] AndroidManifest.xml:16:17-113
119                android:value="com.google.firebase.components.ComponentRegistrar" />
119-->[com.google.firebase:firebase-common-ktx:19.5.0] AndroidManifest.xml:17:17-82
120            <meta-data
120-->[com.google.firebase:firebase-auth:20.0.2] AndroidManifest.xml:77:13-79:85
121                android:name="com.google.firebase.components:com.google.firebase.auth.FirebaseAuthRegistrar"
121-->[com.google.firebase:firebase-auth:20.0.2] AndroidManifest.xml:78:17-109
122                android:value="com.google.firebase.components.ComponentRegistrar" />
122-->[com.google.firebase:firebase-auth:20.0.2] AndroidManifest.xml:79:17-82
123            <meta-data
123-->[com.google.firebase:firebase-firestore:22.1.0] AndroidManifest.xml:20:13-22:85
124                android:name="com.google.firebase.components:com.google.firebase.firestore.FirestoreRegistrar"
124-->[com.google.firebase:firebase-firestore:22.1.0] AndroidManifest.xml:21:17-111
125                android:value="com.google.firebase.components.ComponentRegistrar" />
125-->[com.google.firebase:firebase-firestore:22.1.0] AndroidManifest.xml:22:17-82
126            <meta-data
126-->[com.google.firebase:firebase-storage:19.2.1] AndroidManifest.xml:33:13-35:85
127                android:name="com.google.firebase.components:com.google.firebase.storage.StorageRegistrar"
127-->[com.google.firebase:firebase-storage:19.2.1] AndroidManifest.xml:34:17-107
128                android:value="com.google.firebase.components.ComponentRegistrar" />
128-->[com.google.firebase:firebase-storage:19.2.1] AndroidManifest.xml:35:17-82
129            <meta-data
129-->[com.google.android.gms:play-services-measurement-api:18.0.2] AndroidManifest.xml:30:13-32:85
130                android:name="com.google.firebase.components:com.google.firebase.analytics.connector.internal.AnalyticsConnectorRegistrar"
130-->[com.google.android.gms:play-services-measurement-api:18.0.2] AndroidManifest.xml:31:17-139
131                android:value="com.google.firebase.components.ComponentRegistrar" />
131-->[com.google.android.gms:play-services-measurement-api:18.0.2] AndroidManifest.xml:32:17-82
132            <meta-data
132-->[com.google.firebase:firebase-installations:16.3.5] AndroidManifest.xml:18:13-20:85
133                android:name="com.google.firebase.components:com.google.firebase.installations.FirebaseInstallationsRegistrar"
133-->[com.google.firebase:firebase-installations:16.3.5] AndroidManifest.xml:19:17-127
134                android:value="com.google.firebase.components.ComponentRegistrar" />
134-->[com.google.firebase:firebase-installations:16.3.5] AndroidManifest.xml:20:17-82
135            <!--
136                This registrar is not defined in the dynamic-module-support sdk itself to allow non-firebase
137                clients to use it as well, by defining this registrar in their own core/common library.
138            -->
139            <meta-data
139-->[com.google.firebase:firebase-common:19.5.0] AndroidManifest.xml:43:13-45:85
140                android:name="com.google.firebase.components:com.google.firebase.dynamicloading.DynamicLoadingRegistrar"
140-->[com.google.firebase:firebase-common:19.5.0] AndroidManifest.xml:44:17-121
141                android:value="com.google.firebase.components.ComponentRegistrar" />
141-->[com.google.firebase:firebase-common:19.5.0] AndroidManifest.xml:45:17-82
142        </service>
143
144        <activity
144-->[com.google.firebase:firebase-auth:20.0.2] AndroidManifest.xml:27:9-44:20
145            android:name="com.google.firebase.auth.internal.GenericIdpActivity"
145-->[com.google.firebase:firebase-auth:20.0.2] AndroidManifest.xml:28:13-80
146            android:excludeFromRecents="true"
146-->[com.google.firebase:firebase-auth:20.0.2] AndroidManifest.xml:29:13-46
147            android:exported="true"
147-->[com.google.firebase:firebase-auth:20.0.2] AndroidManifest.xml:30:13-36
148            android:launchMode="singleTask"
148-->[com.google.firebase:firebase-auth:20.0.2] AndroidManifest.xml:31:13-44
149            android:theme="@android:style/Theme.Translucent.NoTitleBar" >
149-->[com.google.firebase:firebase-auth:20.0.2] AndroidManifest.xml:32:13-72
150            <intent-filter>
150-->[com.google.firebase:firebase-auth:20.0.2] AndroidManifest.xml:33:13-43:29
151                <action android:name="android.intent.action.VIEW" />
151-->src/main/AndroidManifest.xml:60:28-80
151-->src/main/AndroidManifest.xml:60:36-77
152
153                <category android:name="android.intent.category.DEFAULT" />
153-->src/main/AndroidManifest.xml:62:17-76
153-->src/main/AndroidManifest.xml:62:27-73
154                <category android:name="android.intent.category.BROWSABLE" />
154-->src/main/AndroidManifest.xml:63:17-78
154-->src/main/AndroidManifest.xml:63:27-75
155
156                <data
156-->src/main/AndroidManifest.xml:65:17-75
157                    android:host="firebase.auth"
158                    android:path="/"
159                    android:scheme="genericidp" />
159-->src/main/AndroidManifest.xml:65:23-72
160            </intent-filter>
161        </activity>
162        <activity
162-->[com.google.firebase:firebase-auth:20.0.2] AndroidManifest.xml:45:9-62:20
163            android:name="com.google.firebase.auth.internal.RecaptchaActivity"
163-->[com.google.firebase:firebase-auth:20.0.2] AndroidManifest.xml:46:13-79
164            android:excludeFromRecents="true"
164-->[com.google.firebase:firebase-auth:20.0.2] AndroidManifest.xml:47:13-46
165            android:exported="true"
165-->[com.google.firebase:firebase-auth:20.0.2] AndroidManifest.xml:48:13-36
166            android:launchMode="singleTask"
166-->[com.google.firebase:firebase-auth:20.0.2] AndroidManifest.xml:49:13-44
167            android:theme="@android:style/Theme.Translucent.NoTitleBar" >
167-->[com.google.firebase:firebase-auth:20.0.2] AndroidManifest.xml:50:13-72
168            <intent-filter>
168-->[com.google.firebase:firebase-auth:20.0.2] AndroidManifest.xml:51:13-61:29
169                <action android:name="android.intent.action.VIEW" />
169-->src/main/AndroidManifest.xml:60:28-80
169-->src/main/AndroidManifest.xml:60:36-77
170
171                <category android:name="android.intent.category.DEFAULT" />
171-->src/main/AndroidManifest.xml:62:17-76
171-->src/main/AndroidManifest.xml:62:27-73
172                <category android:name="android.intent.category.BROWSABLE" />
172-->src/main/AndroidManifest.xml:63:17-78
172-->src/main/AndroidManifest.xml:63:27-75
173
174                <data
174-->src/main/AndroidManifest.xml:65:17-75
175                    android:host="firebase.auth"
176                    android:path="/"
177                    android:scheme="recaptcha" />
177-->src/main/AndroidManifest.xml:65:23-72
178            </intent-filter>
179        </activity>
180
181        <service
181-->[com.google.firebase:firebase-auth:20.0.2] AndroidManifest.xml:64:9-73:19
182            android:name="com.google.firebase.auth.api.fallback.service.FirebaseAuthFallbackService"
182-->[com.google.firebase:firebase-auth:20.0.2] AndroidManifest.xml:65:13-101
183            android:enabled="true"
183-->[com.google.firebase:firebase-auth:20.0.2] AndroidManifest.xml:66:13-35
184            android:exported="false" >
184-->[com.google.firebase:firebase-auth:20.0.2] AndroidManifest.xml:67:13-37
185            <intent-filter>
185-->[com.google.firebase:firebase-auth:20.0.2] AndroidManifest.xml:68:13-72:29
186                <action android:name="com.google.firebase.auth.api.gms.service.START" />
186-->[com.google.firebase:firebase-auth:20.0.2] AndroidManifest.xml:69:17-89
186-->[com.google.firebase:firebase-auth:20.0.2] AndroidManifest.xml:69:25-86
187
188                <category android:name="android.intent.category.DEFAULT" />
188-->src/main/AndroidManifest.xml:62:17-76
188-->src/main/AndroidManifest.xml:62:27-73
189            </intent-filter>
190        </service>
191
192        <provider
192-->[com.google.firebase:firebase-common:19.5.0] AndroidManifest.xml:26:9-31:39
193            android:name="com.google.firebase.provider.FirebaseInitProvider"
193-->[com.google.firebase:firebase-common:19.5.0] AndroidManifest.xml:27:13-77
194            android:authorities="com.htiobjsky.instagram_two_record.firebaseinitprovider"
194-->[com.google.firebase:firebase-common:19.5.0] AndroidManifest.xml:28:13-72
195            android:directBootAware="true"
195-->[com.google.firebase:firebase-common:19.5.0] AndroidManifest.xml:29:13-43
196            android:exported="false"
196-->[com.google.firebase:firebase-common:19.5.0] AndroidManifest.xml:30:13-37
197            android:initOrder="100" />
197-->[com.google.firebase:firebase-common:19.5.0] AndroidManifest.xml:31:13-36
198
199        <activity android:name="com.facebook.CustomTabMainActivity" />
199-->[com.facebook.android:facebook-common:5.5.1] AndroidManifest.xml:33:9-71
199-->[com.facebook.android:facebook-common:5.5.1] AndroidManifest.xml:33:19-68
200        <activity
200-->[com.google.android.gms:play-services-base:17.1.0] AndroidManifest.xml:23:9-26:75
201            android:name="com.google.android.gms.common.api.GoogleApiActivity"
201-->[com.google.android.gms:play-services-base:17.1.0] AndroidManifest.xml:24:13-79
202            android:exported="false"
202-->[com.google.android.gms:play-services-base:17.1.0] AndroidManifest.xml:25:13-37
203            android:theme="@android:style/Theme.Translucent.NoTitleBar" />
203-->[com.google.android.gms:play-services-base:17.1.0] AndroidManifest.xml:26:13-72
204
205        <receiver
205-->[com.google.android.gms:play-services-measurement:18.0.2] AndroidManifest.xml:29:9-33:20
206            android:name="com.google.android.gms.measurement.AppMeasurementReceiver"
206-->[com.google.android.gms:play-services-measurement:18.0.2] AndroidManifest.xml:30:13-85
207            android:enabled="true"
207-->[com.google.android.gms:play-services-measurement:18.0.2] AndroidManifest.xml:31:13-35
208            android:exported="false" >
208-->[com.google.android.gms:play-services-measurement:18.0.2] AndroidManifest.xml:32:13-37
209        </receiver>
210
211        <service
211-->[com.google.android.gms:play-services-measurement:18.0.2] AndroidManifest.xml:35:9-38:40
212            android:name="com.google.android.gms.measurement.AppMeasurementService"
212-->[com.google.android.gms:play-services-measurement:18.0.2] AndroidManifest.xml:36:13-84
213            android:enabled="true"
213-->[com.google.android.gms:play-services-measurement:18.0.2] AndroidManifest.xml:37:13-35
214            android:exported="false" />
214-->[com.google.android.gms:play-services-measurement:18.0.2] AndroidManifest.xml:38:13-37
215        <service
215-->[com.google.android.gms:play-services-measurement:18.0.2] AndroidManifest.xml:39:9-43:72
216            android:name="com.google.android.gms.measurement.AppMeasurementJobService"
216-->[com.google.android.gms:play-services-measurement:18.0.2] AndroidManifest.xml:40:13-87
217            android:enabled="true"
217-->[com.google.android.gms:play-services-measurement:18.0.2] AndroidManifest.xml:41:13-35
218            android:exported="false"
218-->[com.google.android.gms:play-services-measurement:18.0.2] AndroidManifest.xml:42:13-37
219            android:permission="android.permission.BIND_JOB_SERVICE" />
219-->[com.google.android.gms:play-services-measurement:18.0.2] AndroidManifest.xml:43:13-69
220
221        <meta-data
221-->[com.google.android.gms:play-services-basement:17.1.0] AndroidManifest.xml:23:9-25:69
222            android:name="com.google.android.gms.version"
222-->[com.google.android.gms:play-services-basement:17.1.0] AndroidManifest.xml:24:13-58
223            android:value="@integer/google_play_services_version" />
223-->[com.google.android.gms:play-services-basement:17.1.0] AndroidManifest.xml:25:13-66
224        <!--
225         The initialization ContentProvider will call FacebookSdk.sdkInitialize automatically
226         with the application context. This config is merged in with the host app's manifest,
227         but there can only be one provider with the same authority activated at any given
228         point; so if the end user has two or more different apps that use Facebook SDK, only the
229         first one will be able to use the provider. To work around this problem, we use the
230         following placeholder in the authority to identify each host application as if it was
231         a completely different provider.
232        -->
233        <provider
233-->[com.facebook.android:facebook-core:5.5.1] AndroidManifest.xml:39:9-42:40
234            android:name="com.facebook.internal.FacebookInitProvider"
234-->[com.facebook.android:facebook-core:5.5.1] AndroidManifest.xml:40:13-70
235            android:authorities="com.htiobjsky.instagram_two_record.FacebookInitProvider"
235-->[com.facebook.android:facebook-core:5.5.1] AndroidManifest.xml:41:13-72
236            android:exported="false" />
236-->[com.facebook.android:facebook-core:5.5.1] AndroidManifest.xml:42:13-37
237
238        <receiver
238-->[com.facebook.android:facebook-core:5.5.1] AndroidManifest.xml:44:9-50:20
239            android:name="com.facebook.CurrentAccessTokenExpirationBroadcastReceiver"
239-->[com.facebook.android:facebook-core:5.5.1] AndroidManifest.xml:45:13-86
240            android:exported="false" >
240-->[com.facebook.android:facebook-core:5.5.1] AndroidManifest.xml:46:13-37
241            <intent-filter>
241-->[com.facebook.android:facebook-core:5.5.1] AndroidManifest.xml:47:13-49:29
242                <action android:name="com.facebook.sdk.ACTION_CURRENT_ACCESS_TOKEN_CHANGED" />
242-->[com.facebook.android:facebook-core:5.5.1] AndroidManifest.xml:48:17-95
242-->[com.facebook.android:facebook-core:5.5.1] AndroidManifest.xml:48:25-92
243            </intent-filter>
244        </receiver>
245        <receiver
245-->[com.facebook.android:facebook-core:5.5.1] AndroidManifest.xml:51:9-58:20
246            android:name="com.facebook.CampaignTrackingReceiver"
246-->[com.facebook.android:facebook-core:5.5.1] AndroidManifest.xml:52:13-65
247            android:exported="true"
247-->[com.facebook.android:facebook-core:5.5.1] AndroidManifest.xml:53:13-36
248            android:permission="android.permission.INSTALL_PACKAGES" >
248-->[com.facebook.android:facebook-core:5.5.1] AndroidManifest.xml:54:13-69
249            <intent-filter>
249-->[com.facebook.android:facebook-core:5.5.1] AndroidManifest.xml:55:13-57:29
250                <action android:name="com.android.vending.INSTALL_REFERRER" />
250-->[com.facebook.android:facebook-core:5.5.1] AndroidManifest.xml:56:17-79
250-->[com.facebook.android:facebook-core:5.5.1] AndroidManifest.xml:56:25-76
251            </intent-filter>
252        </receiver>
253    </application>
254
255</manifest>